10:12:26.724 start [main] INFO  com.net.start.StartApplication - Starting StartApplication on PS-02 with PID 16268 (started by Admin in D:\开发工具\tts9\tts9\workspace\start)
10:12:26.730 start [main] INFO  com.net.start.StartApplication - No active profile set, falling back to default profiles: default
10:12:29.837 start [main] INFO  o.s.b.w.e.tomcat.TomcatWebServer - Tomcat initialized with port(s): 8080 (http)
10:12:29.869 start [main] INFO  o.a.coyote.http11.Http11NioProtocol - Initializing ProtocolHandler ["http-nio-8080"]
10:12:29.885 start [main] INFO  o.a.catalina.core.StandardService - Starting service [Tomcat]
10:12:29.886 start [main] INFO  o.a.catalina.core.StandardEngine - Starting Servlet engine: [Apache Tomcat/9.0.16]
10:12:29.902 start [main] INFO  o.a.c.core.AprLifecycleListener - An older version [1.2.14] of the APR based Apache Tomcat Native library is installed, while Tomcat recommends a minimum version of [1.2.21]
10:12:29.902 start [main] INFO  o.a.c.core.AprLifecycleListener - Loaded APR based Apache Tomcat Native library [1.2.14] using APR version [1.6.2].
10:12:29.903 start [main] INFO  o.a.c.core.AprLifecycleListener - APR capabilities: IPv6 [true], sendfile [true], accept filters [false], random [true].
10:12:29.903 start [main] INFO  o.a.c.core.AprLifecycleListener - APR/OpenSSL configuration: useAprConnector [false], useOpenSSL [true]
10:12:30.999 start [main] INFO  o.a.c.core.AprLifecycleListener - OpenSSL successfully initialized [OpenSSL 1.0.2l  25 May 2017]
10:12:31.721 start [main] INFO  org.apache.jasper.servlet.TldScanner - At least one JAR was scanned for TLDs yet contained no TLDs. Enable debug logging for this logger for a complete list of JARs that were scanned but no TLDs were found in them. Skipping unneeded JARs during scanning can improve startup time and JSP compilation time.
10:12:31.748 start [main] INFO  o.a.c.c.C.[Tomcat].[localhost].[/] - Initializing Spring embedded WebApplicationContext
10:12:31.748 start [main] INFO  o.s.web.context.ContextLoader - Root WebApplicationContext: initialization completed in 4909 ms
10:12:33.052 start [main] INFO  o.s.s.c.ThreadPoolTaskExecutor - Initializing ExecutorService 'applicationTaskExecutor'
10:12:33.953 start [main] INFO  o.a.coyote.http11.Http11NioProtocol - Starting ProtocolHandler ["http-nio-8080"]
10:12:34.087 start [main] INFO  o.s.b.w.e.tomcat.TomcatWebServer - Tomcat started on port(s): 8080 (http) with context path ''
10:12:34.092 start [main] INFO  com.net.start.StartApplication - Started StartApplication in 8.433 seconds (JVM running for 9.444)
10:12:34.096 start [main] INFO  com.net.start.StartApplication - ------------成功启动springboot-----------
10:13:32.410 start [http-nio-8080-exec-2] INFO  o.a.tomcat.util.http.parser.Cookie - A cookie header was received [1560754407,1560837104,1560908165; Hm_lpvt_080836300300be57b7f34f4b3e97d911=1563152539; user=ddd376a9-3a97-4d21-89fe-3a7dfd19eb62; JSESSIONID=AF48A3C276DA57E19ECCD95D46039400; rememberMe=uybl+MpR9NeQ44HdehRdG4wdZHKh3v6kPCIl0eeOiggYliqaeKTsH6QutPjxzQ1FVS4KZ0lnitqmQuGDKePh6TH8EWMD/N0ECM4nJFFjz+b9NzCTTi0nE52Fk/f3sO+9zAJLeEvAeMd2rsr0iAW6GsfSEr7qRImequqEHftQ0uirJWXpKKFB4i8cXYYNAQlm9DvYxduFk7Gk8RHtb+0mAnuwqJDEwx+I1YWNdx6gxqPrd9fWQG8M+3fK8JG+pHl/snWJXObukBslNse+gJMGDk6531EJaC+MC6xVjuWauj4DPg1KqThyTVo5r7qchIsAGruGfgvdZwM3qmxMkFUQF5/T3LMXvs8ZN2Jqy5QX7k57WKL4khU1a7phtcwSw8a/qbcxdAkr1e5Qx5TD8GBqmlD/Hz6bhu4KuxvmiRjD0Gyw5lBNe9TWQuh11m5A2xgLXrubGGBUWMqqJ7ux6nDrDklOJm2KaiQRUvigTyKOtpNbx0/Lr8QoImBt9Q2PXqEX2x27LWF2GIGlN5Ye6BNLeEIwTWcDXaP+57jnwca997g=] that contained an invalid cookie. That cookie will be ignored.
 Note: further occurrences of this error will be logged at DEBUG level.
10:13:32.424 start [http-nio-8080-exec-2] INFO  o.a.c.c.C.[Tomcat].[localhost].[/] - Initializing Spring DispatcherServlet 'dispatcherServlet'
10:13:32.424 start [http-nio-8080-exec-2] INFO  o.s.web.servlet.DispatcherServlet - Initializing Servlet 'dispatcherServlet'
10:13:32.432 start [http-nio-8080-exec-2] INFO  o.s.web.servlet.DispatcherServlet - Completed initialization in 8 ms
10:37:01.445 start [main] INFO  com.net.start.StartApplication - Starting StartApplication on PS-02 with PID 5716 (started by Admin in D:\开发工具\tts9\tts9\workspace\start)
10:37:01.450 start [main] INFO  com.net.start.StartApplication - No active profile set, falling back to default profiles: default
10:37:04.404 start [main] INFO  o.s.b.w.e.tomcat.TomcatWebServer - Tomcat initialized with port(s): 8080 (http)
10:37:04.430 start [main] INFO  o.a.coyote.http11.Http11NioProtocol - Initializing ProtocolHandler ["http-nio-8080"]
10:37:04.449 start [main] INFO  o.a.catalina.core.StandardService - Starting service [Tomcat]
10:37:04.449 start [main] INFO  o.a.catalina.core.StandardEngine - Starting Servlet engine: [Apache Tomcat/9.0.16]
10:37:04.466 start [main] INFO  o.a.c.core.AprLifecycleListener - An older version [1.2.14] of the APR based Apache Tomcat Native library is installed, while Tomcat recommends a minimum version of [1.2.21]
10:37:04.466 start [main] INFO  o.a.c.core.AprLifecycleListener - Loaded APR based Apache Tomcat Native library [1.2.14] using APR version [1.6.2].
10:37:04.466 start [main] INFO  o.a.c.core.AprLifecycleListener - APR capabilities: IPv6 [true], sendfile [true], accept filters [false], random [true].
10:37:04.466 start [main] INFO  o.a.c.core.AprLifecycleListener - APR/OpenSSL configuration: useAprConnector [false], useOpenSSL [true]
10:37:05.554 start [main] INFO  o.a.c.core.AprLifecycleListener - OpenSSL successfully initialized [OpenSSL 1.0.2l  25 May 2017]
10:37:06.235 start [main] INFO  org.apache.jasper.servlet.TldScanner - At least one JAR was scanned for TLDs yet contained no TLDs. Enable debug logging for this logger for a complete list of JARs that were scanned but no TLDs were found in them. Skipping unneeded JARs during scanning can improve startup time and JSP compilation time.
10:37:06.379 start [main] INFO  o.a.c.c.C.[Tomcat].[localhost].[/] - Initializing Spring embedded WebApplicationContext
10:37:06.380 start [main] INFO  o.s.web.context.ContextLoader - Root WebApplicationContext: initialization completed in 4815 ms
10:37:07.764 start [main] INFO  o.s.s.c.ThreadPoolTaskExecutor - Initializing ExecutorService 'applicationTaskExecutor'
10:37:09.040 start [main] INFO  o.a.coyote.http11.Http11NioProtocol - Starting ProtocolHandler ["http-nio-8080"]
10:37:09.246 start [main] INFO  o.s.b.w.e.tomcat.TomcatWebServer - Tomcat started on port(s): 8080 (http) with context path ''
10:37:09.288 start [main] INFO  com.net.start.StartApplication - Started StartApplication in 8.841 seconds (JVM running for 9.811)
10:37:09.291 start [main] INFO  com.net.start.StartApplication - ------------成功启动springboot-----------
10:37:45.190 start [http-nio-8080-exec-2] INFO  o.a.tomcat.util.http.parser.Cookie - A cookie header was received [1560754407,1560837104,1560908165; Hm_lpvt_080836300300be57b7f34f4b3e97d911=1563152539; user=ddd376a9-3a97-4d21-89fe-3a7dfd19eb62; rememberMe=uybl+MpR9NeQ44HdehRdG4wdZHKh3v6kPCIl0eeOiggYliqaeKTsH6QutPjxzQ1FVS4KZ0lnitqmQuGDKePh6TH8EWMD/N0ECM4nJFFjz+b9NzCTTi0nE52Fk/f3sO+9zAJLeEvAeMd2rsr0iAW6GsfSEr7qRImequqEHftQ0uirJWXpKKFB4i8cXYYNAQlm9DvYxduFk7Gk8RHtb+0mAnuwqJDEwx+I1YWNdx6gxqPrd9fWQG8M+3fK8JG+pHl/snWJXObukBslNse+gJMGDk6531EJaC+MC6xVjuWauj4DPg1KqThyTVo5r7qchIsAGruGfgvdZwM3qmxMkFUQF5/T3LMXvs8ZN2Jqy5QX7k57WKL4khU1a7phtcwSw8a/qbcxdAkr1e5Qx5TD8GBqmlD/Hz6bhu4KuxvmiRjD0Gyw5lBNe9TWQuh11m5A2xgLXrubGGBUWMqqJ7ux6nDrDklOJm2KaiQRUvigTyKOtpNbx0/Lr8QoImBt9Q2PXqEX2x27LWF2GIGlN5Ye6BNLeEIwTWcDXaP+57jnwca997g=; JSESSIONID=316B153A0C46FD31E01EE5756F508858] that contained an invalid cookie. That cookie will be ignored.
 Note: further occurrences of this error will be logged at DEBUG level.
10:37:46.331 start [http-nio-8080-exec-1] INFO  o.a.c.c.C.[Tomcat].[localhost].[/] - Initializing Spring DispatcherServlet 'dispatcherServlet'
10:37:46.332 start [http-nio-8080-exec-1] INFO  o.s.web.servlet.DispatcherServlet - Initializing Servlet 'dispatcherServlet'
10:37:46.350 start [http-nio-8080-exec-1] INFO  o.s.web.servlet.DispatcherServlet - Completed initialization in 18 ms
10:43:36.092 start [main] INFO  com.net.start.StartApplication - Starting StartApplication on PS-02 with PID 14876 (started by Admin in D:\开发工具\tts9\tts9\workspace\start)
10:43:36.100 start [main] INFO  com.net.start.StartApplication - No active profile set, falling back to default profiles: default
10:43:38.931 start [main] INFO  o.s.b.w.e.tomcat.TomcatWebServer - Tomcat initialized with port(s): 8080 (http)
10:43:38.953 start [main] INFO  o.a.coyote.http11.Http11NioProtocol - Initializing ProtocolHandler ["http-nio-8080"]
10:43:38.980 start [main] INFO  o.a.catalina.core.StandardService - Starting service [Tomcat]
10:43:38.981 start [main] INFO  o.a.catalina.core.StandardEngine - Starting Servlet engine: [Apache Tomcat/9.0.16]
10:43:39.004 start [main] INFO  o.a.c.core.AprLifecycleListener - An older version [1.2.14] of the APR based Apache Tomcat Native library is installed, while Tomcat recommends a minimum version of [1.2.21]
10:43:39.004 start [main] INFO  o.a.c.core.AprLifecycleListener - Loaded APR based Apache Tomcat Native library [1.2.14] using APR version [1.6.2].
10:43:39.005 start [main] INFO  o.a.c.core.AprLifecycleListener - APR capabilities: IPv6 [true], sendfile [true], accept filters [false], random [true].
10:43:39.005 start [main] INFO  o.a.c.core.AprLifecycleListener - APR/OpenSSL configuration: useAprConnector [false], useOpenSSL [true]
10:43:40.086 start [main] INFO  o.a.c.core.AprLifecycleListener - OpenSSL successfully initialized [OpenSSL 1.0.2l  25 May 2017]
10:43:40.621 start [main] INFO  org.apache.jasper.servlet.TldScanner - At least one JAR was scanned for TLDs yet contained no TLDs. Enable debug logging for this logger for a complete list of JARs that were scanned but no TLDs were found in them. Skipping unneeded JARs during scanning can improve startup time and JSP compilation time.
10:43:40.733 start [main] INFO  o.a.c.c.C.[Tomcat].[localhost].[/] - Initializing Spring embedded WebApplicationContext
10:43:40.733 start [main] INFO  o.s.web.context.ContextLoader - Root WebApplicationContext: initialization completed in 4499 ms
10:43:41.547 start [main] INFO  o.s.s.c.ThreadPoolTaskExecutor - Initializing ExecutorService 'applicationTaskExecutor'
10:43:42.321 start [main] INFO  o.a.coyote.http11.Http11NioProtocol - Starting ProtocolHandler ["http-nio-8080"]
10:43:42.449 start [main] INFO  o.s.b.w.e.tomcat.TomcatWebServer - Tomcat started on port(s): 8080 (http) with context path ''
10:43:42.456 start [main] INFO  com.net.start.StartApplication - Started StartApplication in 7.11 seconds (JVM running for 7.991)
10:43:42.460 start [main] INFO  com.net.start.StartApplication - ------------成功启动springboot-----------
10:43:53.206 start [http-nio-8080-exec-1] INFO  o.a.tomcat.util.http.parser.Cookie - A cookie header was received [1560754407,1560837104,1560908165; Hm_lpvt_080836300300be57b7f34f4b3e97d911=1563152539; user=ddd376a9-3a97-4d21-89fe-3a7dfd19eb62; rememberMe=uybl+MpR9NeQ44HdehRdG4wdZHKh3v6kPCIl0eeOiggYliqaeKTsH6QutPjxzQ1FVS4KZ0lnitqmQuGDKePh6TH8EWMD/N0ECM4nJFFjz+b9NzCTTi0nE52Fk/f3sO+9zAJLeEvAeMd2rsr0iAW6GsfSEr7qRImequqEHftQ0uirJWXpKKFB4i8cXYYNAQlm9DvYxduFk7Gk8RHtb+0mAnuwqJDEwx+I1YWNdx6gxqPrd9fWQG8M+3fK8JG+pHl/snWJXObukBslNse+gJMGDk6531EJaC+MC6xVjuWauj4DPg1KqThyTVo5r7qchIsAGruGfgvdZwM3qmxMkFUQF5/T3LMXvs8ZN2Jqy5QX7k57WKL4khU1a7phtcwSw8a/qbcxdAkr1e5Qx5TD8GBqmlD/Hz6bhu4KuxvmiRjD0Gyw5lBNe9TWQuh11m5A2xgLXrubGGBUWMqqJ7ux6nDrDklOJm2KaiQRUvigTyKOtpNbx0/Lr8QoImBt9Q2PXqEX2x27LWF2GIGlN5Ye6BNLeEIwTWcDXaP+57jnwca997g=; JSESSIONID=31C60D48D4EC1A2F7BE4EAB73982775E] that contained an invalid cookie. That cookie will be ignored.
 Note: further occurrences of this error will be logged at DEBUG level.
10:43:54.286 start [http-nio-8080-exec-2] INFO  o.a.c.c.C.[Tomcat].[localhost].[/] - Initializing Spring DispatcherServlet 'dispatcherServlet'
10:43:54.286 start [http-nio-8080-exec-2] INFO  o.s.web.servlet.DispatcherServlet - Initializing Servlet 'dispatcherServlet'
10:43:54.307 start [http-nio-8080-exec-2] INFO  o.s.web.servlet.DispatcherServlet - Completed initialization in 20 ms
10:47:45.658 start [main] INFO  com.net.start.StartApplication - Starting StartApplication on PS-02 with PID 7060 (started by Admin in D:\开发工具\tts9\tts9\workspace\start)
10:47:45.670 start [main] INFO  com.net.start.StartApplication - No active profile set, falling back to default profiles: default
10:47:48.630 start [main] INFO  o.s.b.w.e.tomcat.TomcatWebServer - Tomcat initialized with port(s): 8080 (http)
10:47:48.651 start [main] INFO  o.a.coyote.http11.Http11NioProtocol - Initializing ProtocolHandler ["http-nio-8080"]
10:47:48.664 start [main] INFO  o.a.catalina.core.StandardService - Starting service [Tomcat]
10:47:48.665 start [main] INFO  o.a.catalina.core.StandardEngine - Starting Servlet engine: [Apache Tomcat/9.0.16]
10:47:48.679 start [main] INFO  o.a.c.core.AprLifecycleListener - An older version [1.2.14] of the APR based Apache Tomcat Native library is installed, while Tomcat recommends a minimum version of [1.2.21]
10:47:48.679 start [main] INFO  o.a.c.core.AprLifecycleListener - Loaded APR based Apache Tomcat Native library [1.2.14] using APR version [1.6.2].
10:47:48.679 start [main] INFO  o.a.c.core.AprLifecycleListener - APR capabilities: IPv6 [true], sendfile [true], accept filters [false], random [true].
10:47:48.679 start [main] INFO  o.a.c.core.AprLifecycleListener - APR/OpenSSL configuration: useAprConnector [false], useOpenSSL [true]
10:47:49.757 start [main] INFO  o.a.c.core.AprLifecycleListener - OpenSSL successfully initialized [OpenSSL 1.0.2l  25 May 2017]
10:47:50.365 start [main] INFO  org.apache.jasper.servlet.TldScanner - At least one JAR was scanned for TLDs yet contained no TLDs. Enable debug logging for this logger for a complete list of JARs that were scanned but no TLDs were found in them. Skipping unneeded JARs during scanning can improve startup time and JSP compilation time.
10:47:50.401 start [main] INFO  o.a.c.c.C.[Tomcat].[localhost].[/] - Initializing Spring embedded WebApplicationContext
10:47:50.401 start [main] INFO  o.s.web.context.ContextLoader - Root WebApplicationContext: initialization completed in 4589 ms
10:47:51.524 start [main] INFO  o.s.s.c.ThreadPoolTaskExecutor - Initializing ExecutorService 'applicationTaskExecutor'
10:47:52.385 start [main] INFO  o.a.coyote.http11.Http11NioProtocol - Starting ProtocolHandler ["http-nio-8080"]
10:47:52.467 start [main] INFO  o.s.b.w.e.tomcat.TomcatWebServer - Tomcat started on port(s): 8080 (http) with context path ''
10:47:52.472 start [main] INFO  com.net.start.StartApplication - Started StartApplication in 7.723 seconds (JVM running for 8.73)
10:47:52.475 start [main] INFO  com.net.start.StartApplication - ------------成功启动springboot-----------
10:47:56.993 start [http-nio-8080-exec-1] INFO  o.a.tomcat.util.http.parser.Cookie - A cookie header was received [1560754407,1560837104,1560908165; Hm_lpvt_080836300300be57b7f34f4b3e97d911=1563152539; user=ddd376a9-3a97-4d21-89fe-3a7dfd19eb62; rememberMe=uybl+MpR9NeQ44HdehRdG4wdZHKh3v6kPCIl0eeOiggYliqaeKTsH6QutPjxzQ1FVS4KZ0lnitqmQuGDKePh6TH8EWMD/N0ECM4nJFFjz+b9NzCTTi0nE52Fk/f3sO+9zAJLeEvAeMd2rsr0iAW6GsfSEr7qRImequqEHftQ0uirJWXpKKFB4i8cXYYNAQlm9DvYxduFk7Gk8RHtb+0mAnuwqJDEwx+I1YWNdx6gxqPrd9fWQG8M+3fK8JG+pHl/snWJXObukBslNse+gJMGDk6531EJaC+MC6xVjuWauj4DPg1KqThyTVo5r7qchIsAGruGfgvdZwM3qmxMkFUQF5/T3LMXvs8ZN2Jqy5QX7k57WKL4khU1a7phtcwSw8a/qbcxdAkr1e5Qx5TD8GBqmlD/Hz6bhu4KuxvmiRjD0Gyw5lBNe9TWQuh11m5A2xgLXrubGGBUWMqqJ7ux6nDrDklOJm2KaiQRUvigTyKOtpNbx0/Lr8QoImBt9Q2PXqEX2x27LWF2GIGlN5Ye6BNLeEIwTWcDXaP+57jnwca997g=; JSESSIONID=23C38E385D8FBF3FAB87A61047E757F9] that contained an invalid cookie. That cookie will be ignored.
 Note: further occurrences of this error will be logged at DEBUG level.
10:47:58.014 start [http-nio-8080-exec-2] INFO  o.a.c.c.C.[Tomcat].[localhost].[/] - Initializing Spring DispatcherServlet 'dispatcherServlet'
10:47:58.014 start [http-nio-8080-exec-2] INFO  o.s.web.servlet.DispatcherServlet - Initializing Servlet 'dispatcherServlet'
10:47:58.033 start [http-nio-8080-exec-2] INFO  o.s.web.servlet.DispatcherServlet - Completed initialization in 18 ms
10:49:23.788 start [main] INFO  com.net.start.StartApplication - Starting StartApplication on PS-02 with PID 6580 (started by Admin in D:\开发工具\tts9\tts9\workspace\start)
10:49:23.792 start [main] INFO  com.net.start.StartApplication - No active profile set, falling back to default profiles: default
10:49:26.595 start [main] INFO  o.s.b.w.e.tomcat.TomcatWebServer - Tomcat initialized with port(s): 8080 (http)
10:49:26.616 start [main] INFO  o.a.coyote.http11.Http11NioProtocol - Initializing ProtocolHandler ["http-nio-8080"]
10:49:26.627 start [main] INFO  o.a.catalina.core.StandardService - Starting service [Tomcat]
10:49:26.628 start [main] INFO  o.a.catalina.core.StandardEngine - Starting Servlet engine: [Apache Tomcat/9.0.16]
10:49:26.640 start [main] INFO  o.a.c.core.AprLifecycleListener - An older version [1.2.14] of the APR based Apache Tomcat Native library is installed, while Tomcat recommends a minimum version of [1.2.21]
10:49:26.640 start [main] INFO  o.a.c.core.AprLifecycleListener - Loaded APR based Apache Tomcat Native library [1.2.14] using APR version [1.6.2].
10:49:26.640 start [main] INFO  o.a.c.core.AprLifecycleListener - APR capabilities: IPv6 [true], sendfile [true], accept filters [false], random [true].
10:49:26.641 start [main] INFO  o.a.c.core.AprLifecycleListener - APR/OpenSSL configuration: useAprConnector [false], useOpenSSL [true]
10:49:27.712 start [main] INFO  o.a.c.core.AprLifecycleListener - OpenSSL successfully initialized [OpenSSL 1.0.2l  25 May 2017]
10:49:28.354 start [main] INFO  org.apache.jasper.servlet.TldScanner - At least one JAR was scanned for TLDs yet contained no TLDs. Enable debug logging for this logger for a complete list of JARs that were scanned but no TLDs were found in them. Skipping unneeded JARs during scanning can improve startup time and JSP compilation time.
10:49:28.390 start [main] INFO  o.a.c.c.C.[Tomcat].[localhost].[/] - Initializing Spring embedded WebApplicationContext
10:49:28.392 start [main] INFO  o.s.web.context.ContextLoader - Root WebApplicationContext: initialization completed in 4485 ms
10:49:29.315 start [main] INFO  o.s.s.c.ThreadPoolTaskExecutor - Initializing ExecutorService 'applicationTaskExecutor'
10:49:30.145 start [main] INFO  o.a.coyote.http11.Http11NioProtocol - Starting ProtocolHandler ["http-nio-8080"]
10:49:30.242 start [main] INFO  o.s.b.w.e.tomcat.TomcatWebServer - Tomcat started on port(s): 8080 (http) with context path ''
10:49:30.247 start [main] INFO  com.net.start.StartApplication - Started StartApplication in 7.256 seconds (JVM running for 8.164)
10:49:30.250 start [main] INFO  com.net.start.StartApplication - ------------成功启动springboot-----------
10:49:33.325 start [http-nio-8080-exec-1] INFO  o.a.tomcat.util.http.parser.Cookie - A cookie header was received [1560754407,1560837104,1560908165; Hm_lpvt_080836300300be57b7f34f4b3e97d911=1563152539; user=ddd376a9-3a97-4d21-89fe-3a7dfd19eb62; rememberMe=uybl+MpR9NeQ44HdehRdG4wdZHKh3v6kPCIl0eeOiggYliqaeKTsH6QutPjxzQ1FVS4KZ0lnitqmQuGDKePh6TH8EWMD/N0ECM4nJFFjz+b9NzCTTi0nE52Fk/f3sO+9zAJLeEvAeMd2rsr0iAW6GsfSEr7qRImequqEHftQ0uirJWXpKKFB4i8cXYYNAQlm9DvYxduFk7Gk8RHtb+0mAnuwqJDEwx+I1YWNdx6gxqPrd9fWQG8M+3fK8JG+pHl/snWJXObukBslNse+gJMGDk6531EJaC+MC6xVjuWauj4DPg1KqThyTVo5r7qchIsAGruGfgvdZwM3qmxMkFUQF5/T3LMXvs8ZN2Jqy5QX7k57WKL4khU1a7phtcwSw8a/qbcxdAkr1e5Qx5TD8GBqmlD/Hz6bhu4KuxvmiRjD0Gyw5lBNe9TWQuh11m5A2xgLXrubGGBUWMqqJ7ux6nDrDklOJm2KaiQRUvigTyKOtpNbx0/Lr8QoImBt9Q2PXqEX2x27LWF2GIGlN5Ye6BNLeEIwTWcDXaP+57jnwca997g=; JSESSIONID=5C2C3E40C3F7ACFD4729B45D6DFF2EB4] that contained an invalid cookie. That cookie will be ignored.
 Note: further occurrences of this error will be logged at DEBUG level.
10:49:34.349 start [http-nio-8080-exec-2] INFO  o.a.c.c.C.[Tomcat].[localhost].[/] - Initializing Spring DispatcherServlet 'dispatcherServlet'
10:49:34.350 start [http-nio-8080-exec-2] INFO  o.s.web.servlet.DispatcherServlet - Initializing Servlet 'dispatcherServlet'
10:49:34.371 start [http-nio-8080-exec-2] INFO  o.s.web.servlet.DispatcherServlet - Completed initialization in 21 ms
11:00:48.267 start [main] INFO  com.net.start.StartApplication - Starting StartApplication on PS-02 with PID 16840 (started by Admin in D:\开发工具\tts9\tts9\workspace\start)
11:00:48.273 start [main] INFO  com.net.start.StartApplication - No active profile set, falling back to default profiles: default
11:00:51.198 start [main] INFO  o.s.b.w.e.tomcat.TomcatWebServer - Tomcat initialized with port(s): 8080 (http)
11:00:51.218 start [main] INFO  o.a.coyote.http11.Http11NioProtocol - Initializing ProtocolHandler ["http-nio-8080"]
11:00:51.229 start [main] INFO  o.a.catalina.core.StandardService - Starting service [Tomcat]
11:00:51.230 start [main] INFO  o.a.catalina.core.StandardEngine - Starting Servlet engine: [Apache Tomcat/9.0.16]
11:00:51.243 start [main] INFO  o.a.c.core.AprLifecycleListener - An older version [1.2.14] of the APR based Apache Tomcat Native library is installed, while Tomcat recommends a minimum version of [1.2.21]
11:00:51.244 start [main] INFO  o.a.c.core.AprLifecycleListener - Loaded APR based Apache Tomcat Native library [1.2.14] using APR version [1.6.2].
11:00:51.244 start [main] INFO  o.a.c.core.AprLifecycleListener - APR capabilities: IPv6 [true], sendfile [true], accept filters [false], random [true].
11:00:51.244 start [main] INFO  o.a.c.core.AprLifecycleListener - APR/OpenSSL configuration: useAprConnector [false], useOpenSSL [true]
11:00:52.334 start [main] INFO  o.a.c.core.AprLifecycleListener - OpenSSL successfully initialized [OpenSSL 1.0.2l  25 May 2017]
11:00:52.918 start [main] INFO  org.apache.jasper.servlet.TldScanner - At least one JAR was scanned for TLDs yet contained no TLDs. Enable debug logging for this logger for a complete list of JARs that were scanned but no TLDs were found in them. Skipping unneeded JARs during scanning can improve startup time and JSP compilation time.
11:00:52.949 start [main] INFO  o.a.c.c.C.[Tomcat].[localhost].[/] - Initializing Spring embedded WebApplicationContext
11:00:52.950 start [main] INFO  o.s.web.context.ContextLoader - Root WebApplicationContext: initialization completed in 4571 ms
11:00:54.029 start [main] INFO  o.s.s.c.ThreadPoolTaskExecutor - Initializing ExecutorService 'applicationTaskExecutor'
11:00:55.074 start [main] INFO  o.a.coyote.http11.Http11NioProtocol - Starting ProtocolHandler ["http-nio-8080"]
11:00:55.210 start [main] INFO  o.s.b.w.e.tomcat.TomcatWebServer - Tomcat started on port(s): 8080 (http) with context path ''
11:00:55.217 start [main] INFO  com.net.start.StartApplication - Started StartApplication in 7.814 seconds (JVM running for 8.712)
11:00:55.220 start [main] INFO  com.net.start.StartApplication - ------------成功启动springboot-----------
11:00:56.758 start [http-nio-8080-exec-1] INFO  o.a.tomcat.util.http.parser.Cookie - A cookie header was received [1560754407,1560837104,1560908165; Hm_lpvt_080836300300be57b7f34f4b3e97d911=1563152539; user=ddd376a9-3a97-4d21-89fe-3a7dfd19eb62; rememberMe=uybl+MpR9NeQ44HdehRdG4wdZHKh3v6kPCIl0eeOiggYliqaeKTsH6QutPjxzQ1FVS4KZ0lnitqmQuGDKePh6TH8EWMD/N0ECM4nJFFjz+b9NzCTTi0nE52Fk/f3sO+9zAJLeEvAeMd2rsr0iAW6GsfSEr7qRImequqEHftQ0uirJWXpKKFB4i8cXYYNAQlm9DvYxduFk7Gk8RHtb+0mAnuwqJDEwx+I1YWNdx6gxqPrd9fWQG8M+3fK8JG+pHl/snWJXObukBslNse+gJMGDk6531EJaC+MC6xVjuWauj4DPg1KqThyTVo5r7qchIsAGruGfgvdZwM3qmxMkFUQF5/T3LMXvs8ZN2Jqy5QX7k57WKL4khU1a7phtcwSw8a/qbcxdAkr1e5Qx5TD8GBqmlD/Hz6bhu4KuxvmiRjD0Gyw5lBNe9TWQuh11m5A2xgLXrubGGBUWMqqJ7ux6nDrDklOJm2KaiQRUvigTyKOtpNbx0/Lr8QoImBt9Q2PXqEX2x27LWF2GIGlN5Ye6BNLeEIwTWcDXaP+57jnwca997g=; JSESSIONID=A9CF20A6BF9FB3329B92E3B73FA274C9] that contained an invalid cookie. That cookie will be ignored.
 Note: further occurrences of this error will be logged at DEBUG level.
11:00:57.741 start [http-nio-8080-exec-2] INFO  o.a.c.c.C.[Tomcat].[localhost].[/] - Initializing Spring DispatcherServlet 'dispatcherServlet'
11:00:57.742 start [http-nio-8080-exec-2] INFO  o.s.web.servlet.DispatcherServlet - Initializing Servlet 'dispatcherServlet'
11:00:57.760 start [http-nio-8080-exec-2] INFO  o.s.web.servlet.DispatcherServlet - Completed initialization in 18 ms
11:04:19.722 start [main] INFO  com.net.start.StartApplication - Starting StartApplication on PS-02 with PID 17284 (started by Admin in D:\开发工具\tts9\tts9\workspace\start)
11:04:19.727 start [main] INFO  com.net.start.StartApplication - No active profile set, falling back to default profiles: default
11:04:22.570 start [main] INFO  o.s.b.w.e.tomcat.TomcatWebServer - Tomcat initialized with port(s): 8080 (http)
11:04:22.589 start [main] INFO  o.a.coyote.http11.Http11NioProtocol - Initializing ProtocolHandler ["http-nio-8080"]
11:04:22.612 start [main] INFO  o.a.catalina.core.StandardService - Starting service [Tomcat]
11:04:22.614 start [main] INFO  o.a.catalina.core.StandardEngine - Starting Servlet engine: [Apache Tomcat/9.0.16]
11:04:22.633 start [main] INFO  o.a.c.core.AprLifecycleListener - An older version [1.2.14] of the APR based Apache Tomcat Native library is installed, while Tomcat recommends a minimum version of [1.2.21]
11:04:22.633 start [main] INFO  o.a.c.core.AprLifecycleListener - Loaded APR based Apache Tomcat Native library [1.2.14] using APR version [1.6.2].
11:04:22.634 start [main] INFO  o.a.c.core.AprLifecycleListener - APR capabilities: IPv6 [true], sendfile [true], accept filters [false], random [true].
11:04:22.634 start [main] INFO  o.a.c.core.AprLifecycleListener - APR/OpenSSL configuration: useAprConnector [false], useOpenSSL [true]
11:04:23.721 start [main] INFO  o.a.c.core.AprLifecycleListener - OpenSSL successfully initialized [OpenSSL 1.0.2l  25 May 2017]
11:04:24.346 start [main] INFO  org.apache.jasper.servlet.TldScanner - At least one JAR was scanned for TLDs yet contained no TLDs. Enable debug logging for this logger for a complete list of JARs that were scanned but no TLDs were found in them. Skipping unneeded JARs during scanning can improve startup time and JSP compilation time.
11:04:24.504 start [main] INFO  o.a.c.c.C.[Tomcat].[localhost].[/] - Initializing Spring embedded WebApplicationContext
11:04:24.504 start [main] INFO  o.s.web.context.ContextLoader - Root WebApplicationContext: initialization completed in 4659 ms
11:04:25.804 start [main] INFO  o.s.s.c.ThreadPoolTaskExecutor - Initializing ExecutorService 'applicationTaskExecutor'
11:04:26.931 start [main] INFO  o.a.coyote.http11.Http11NioProtocol - Starting ProtocolHandler ["http-nio-8080"]
11:04:27.212 start [main] INFO  o.s.b.w.e.tomcat.TomcatWebServer - Tomcat started on port(s): 8080 (http) with context path ''
11:04:27.217 start [main] INFO  com.net.start.StartApplication - Started StartApplication in 8.355 seconds (JVM running for 9.212)
11:04:27.223 start [main] INFO  com.net.start.StartApplication - ------------成功启动springboot-----------
11:04:31.090 start [http-nio-8080-exec-2] INFO  o.a.tomcat.util.http.parser.Cookie - A cookie header was received [1560754407,1560837104,1560908165; Hm_lpvt_080836300300be57b7f34f4b3e97d911=1563152539; user=ddd376a9-3a97-4d21-89fe-3a7dfd19eb62; rememberMe=uybl+MpR9NeQ44HdehRdG4wdZHKh3v6kPCIl0eeOiggYliqaeKTsH6QutPjxzQ1FVS4KZ0lnitqmQuGDKePh6TH8EWMD/N0ECM4nJFFjz+b9NzCTTi0nE52Fk/f3sO+9zAJLeEvAeMd2rsr0iAW6GsfSEr7qRImequqEHftQ0uirJWXpKKFB4i8cXYYNAQlm9DvYxduFk7Gk8RHtb+0mAnuwqJDEwx+I1YWNdx6gxqPrd9fWQG8M+3fK8JG+pHl/snWJXObukBslNse+gJMGDk6531EJaC+MC6xVjuWauj4DPg1KqThyTVo5r7qchIsAGruGfgvdZwM3qmxMkFUQF5/T3LMXvs8ZN2Jqy5QX7k57WKL4khU1a7phtcwSw8a/qbcxdAkr1e5Qx5TD8GBqmlD/Hz6bhu4KuxvmiRjD0Gyw5lBNe9TWQuh11m5A2xgLXrubGGBUWMqqJ7ux6nDrDklOJm2KaiQRUvigTyKOtpNbx0/Lr8QoImBt9Q2PXqEX2x27LWF2GIGlN5Ye6BNLeEIwTWcDXaP+57jnwca997g=; JSESSIONID=3C039254DECE59A0E7AC08F7A377EA6B] that contained an invalid cookie. That cookie will be ignored.
 Note: further occurrences of this error will be logged at DEBUG level.
11:04:32.160 start [http-nio-8080-exec-3] INFO  o.a.c.c.C.[Tomcat].[localhost].[/] - Initializing Spring DispatcherServlet 'dispatcherServlet'
11:04:32.161 start [http-nio-8080-exec-3] INFO  o.s.web.servlet.DispatcherServlet - Initializing Servlet 'dispatcherServlet'
11:04:32.183 start [http-nio-8080-exec-3] INFO  o.s.web.servlet.DispatcherServlet - Completed initialization in 21 ms
11:05:21.833 start [main] INFO  com.net.start.StartApplication - Starting StartApplication on PS-02 with PID 17372 (started by Admin in D:\开发工具\tts9\tts9\workspace\start)
11:05:21.839 start [main] INFO  com.net.start.StartApplication - No active profile set, falling back to default profiles: default
11:05:24.498 start [main] INFO  o.s.b.w.e.tomcat.TomcatWebServer - Tomcat initialized with port(s): 8080 (http)
11:05:24.518 start [main] INFO  o.a.coyote.http11.Http11NioProtocol - Initializing ProtocolHandler ["http-nio-8080"]
11:05:24.537 start [main] INFO  o.a.catalina.core.StandardService - Starting service [Tomcat]
11:05:24.538 start [main] INFO  o.a.catalina.core.StandardEngine - Starting Servlet engine: [Apache Tomcat/9.0.16]
11:05:24.555 start [main] INFO  o.a.c.core.AprLifecycleListener - An older version [1.2.14] of the APR based Apache Tomcat Native library is installed, while Tomcat recommends a minimum version of [1.2.21]
11:05:24.555 start [main] INFO  o.a.c.core.AprLifecycleListener - Loaded APR based Apache Tomcat Native library [1.2.14] using APR version [1.6.2].
11:05:24.556 start [main] INFO  o.a.c.core.AprLifecycleListener - APR capabilities: IPv6 [true], sendfile [true], accept filters [false], random [true].
11:05:24.556 start [main] INFO  o.a.c.core.AprLifecycleListener - APR/OpenSSL configuration: useAprConnector [false], useOpenSSL [true]
11:05:25.640 start [main] INFO  o.a.c.core.AprLifecycleListener - OpenSSL successfully initialized [OpenSSL 1.0.2l  25 May 2017]
11:05:26.270 start [main] INFO  org.apache.jasper.servlet.TldScanner - At least one JAR was scanned for TLDs yet contained no TLDs. Enable debug logging for this logger for a complete list of JARs that were scanned but no TLDs were found in them. Skipping unneeded JARs during scanning can improve startup time and JSP compilation time.
11:05:26.296 start [main] INFO  o.a.c.c.C.[Tomcat].[localhost].[/] - Initializing Spring embedded WebApplicationContext
11:05:26.297 start [main] INFO  o.s.web.context.ContextLoader - Root WebApplicationContext: initialization completed in 4334 ms
11:05:27.139 start [main] INFO  o.s.s.c.ThreadPoolTaskExecutor - Initializing ExecutorService 'applicationTaskExecutor'
11:05:28.086 start [main] INFO  o.a.coyote.http11.Http11NioProtocol - Starting ProtocolHandler ["http-nio-8080"]
11:05:28.203 start [main] INFO  o.s.b.w.e.tomcat.TomcatWebServer - Tomcat started on port(s): 8080 (http) with context path ''
11:05:28.216 start [main] INFO  com.net.start.StartApplication - Started StartApplication in 7.186 seconds (JVM running for 8.114)
11:05:28.220 start [main] INFO  com.net.start.StartApplication - ------------成功启动springboot-----------
11:05:34.478 start [http-nio-8080-exec-1] INFO  o.a.tomcat.util.http.parser.Cookie - A cookie header was received [1560754407,1560837104,1560908165; Hm_lpvt_080836300300be57b7f34f4b3e97d911=1563152539; user=ddd376a9-3a97-4d21-89fe-3a7dfd19eb62; rememberMe=uybl+MpR9NeQ44HdehRdG4wdZHKh3v6kPCIl0eeOiggYliqaeKTsH6QutPjxzQ1FVS4KZ0lnitqmQuGDKePh6TH8EWMD/N0ECM4nJFFjz+b9NzCTTi0nE52Fk/f3sO+9zAJLeEvAeMd2rsr0iAW6GsfSEr7qRImequqEHftQ0uirJWXpKKFB4i8cXYYNAQlm9DvYxduFk7Gk8RHtb+0mAnuwqJDEwx+I1YWNdx6gxqPrd9fWQG8M+3fK8JG+pHl/snWJXObukBslNse+gJMGDk6531EJaC+MC6xVjuWauj4DPg1KqThyTVo5r7qchIsAGruGfgvdZwM3qmxMkFUQF5/T3LMXvs8ZN2Jqy5QX7k57WKL4khU1a7phtcwSw8a/qbcxdAkr1e5Qx5TD8GBqmlD/Hz6bhu4KuxvmiRjD0Gyw5lBNe9TWQuh11m5A2xgLXrubGGBUWMqqJ7ux6nDrDklOJm2KaiQRUvigTyKOtpNbx0/Lr8QoImBt9Q2PXqEX2x27LWF2GIGlN5Ye6BNLeEIwTWcDXaP+57jnwca997g=; JSESSIONID=ADC7F3EF9B45E224ACAD608FE295D966] that contained an invalid cookie. That cookie will be ignored.
 Note: further occurrences of this error will be logged at DEBUG level.
11:05:35.479 start [http-nio-8080-exec-3] INFO  o.a.c.c.C.[Tomcat].[localhost].[/] - Initializing Spring DispatcherServlet 'dispatcherServlet'
11:05:35.479 start [http-nio-8080-exec-3] INFO  o.s.web.servlet.DispatcherServlet - Initializing Servlet 'dispatcherServlet'
11:05:35.500 start [http-nio-8080-exec-3] INFO  o.s.web.servlet.DispatcherServlet - Completed initialization in 20 ms
11:14:54.048 start [main] INFO  com.net.start.StartApplication - Starting StartApplication on PS-02 with PID 5460 (started by Admin in D:\开发工具\tts9\tts9\workspace\start)
11:14:54.055 start [main] INFO  com.net.start.StartApplication - No active profile set, falling back to default profiles: default
11:14:56.854 start [main] INFO  o.s.b.w.e.tomcat.TomcatWebServer - Tomcat initialized with port(s): 8080 (http)
11:14:56.873 start [main] INFO  o.a.coyote.http11.Http11NioProtocol - Initializing ProtocolHandler ["http-nio-8080"]
11:14:56.885 start [main] INFO  o.a.catalina.core.StandardService - Starting service [Tomcat]
11:14:56.885 start [main] INFO  o.a.catalina.core.StandardEngine - Starting Servlet engine: [Apache Tomcat/9.0.16]
11:14:56.901 start [main] INFO  o.a.c.core.AprLifecycleListener - An older version [1.2.14] of the APR based Apache Tomcat Native library is installed, while Tomcat recommends a minimum version of [1.2.21]
11:14:56.901 start [main] INFO  o.a.c.core.AprLifecycleListener - Loaded APR based Apache Tomcat Native library [1.2.14] using APR version [1.6.2].
11:14:56.902 start [main] INFO  o.a.c.core.AprLifecycleListener - APR capabilities: IPv6 [true], sendfile [true], accept filters [false], random [true].
11:14:56.902 start [main] INFO  o.a.c.core.AprLifecycleListener - APR/OpenSSL configuration: useAprConnector [false], useOpenSSL [true]
11:14:58.006 start [main] INFO  o.a.c.core.AprLifecycleListener - OpenSSL successfully initialized [OpenSSL 1.0.2l  25 May 2017]
11:14:58.513 start [main] INFO  org.apache.jasper.servlet.TldScanner - At least one JAR was scanned for TLDs yet contained no TLDs. Enable debug logging for this logger for a complete list of JARs that were scanned but no TLDs were found in them. Skipping unneeded JARs during scanning can improve startup time and JSP compilation time.
11:14:58.648 start [main] INFO  o.a.c.c.C.[Tomcat].[localhost].[/] - Initializing Spring embedded WebApplicationContext
11:14:58.649 start [main] INFO  o.s.web.context.ContextLoader - Root WebApplicationContext: initialization completed in 4445 ms
11:14:59.541 start [main] INFO  o.s.s.c.ThreadPoolTaskExecutor - Initializing ExecutorService 'applicationTaskExecutor'
11:15:00.318 start [main] INFO  o.a.coyote.http11.Http11NioProtocol - Starting ProtocolHandler ["http-nio-8080"]
11:15:00.421 start [main] INFO  o.s.b.w.e.tomcat.TomcatWebServer - Tomcat started on port(s): 8080 (http) with context path ''
11:15:00.426 start [main] INFO  com.net.start.StartApplication - Started StartApplication in 7.17 seconds (JVM running for 8.092)
11:15:00.429 start [main] INFO  com.net.start.StartApplication - ------------成功启动springboot-----------
11:15:28.206 start [http-nio-8080-exec-3] INFO  o.a.tomcat.util.http.parser.Cookie - A cookie header was received [1560754407,1560837104,1560908165; Hm_lpvt_080836300300be57b7f34f4b3e97d911=1563152539; user=ddd376a9-3a97-4d21-89fe-3a7dfd19eb62; rememberMe=uybl+MpR9NeQ44HdehRdG4wdZHKh3v6kPCIl0eeOiggYliqaeKTsH6QutPjxzQ1FVS4KZ0lnitqmQuGDKePh6TH8EWMD/N0ECM4nJFFjz+b9NzCTTi0nE52Fk/f3sO+9zAJLeEvAeMd2rsr0iAW6GsfSEr7qRImequqEHftQ0uirJWXpKKFB4i8cXYYNAQlm9DvYxduFk7Gk8RHtb+0mAnuwqJDEwx+I1YWNdx6gxqPrd9fWQG8M+3fK8JG+pHl/snWJXObukBslNse+gJMGDk6531EJaC+MC6xVjuWauj4DPg1KqThyTVo5r7qchIsAGruGfgvdZwM3qmxMkFUQF5/T3LMXvs8ZN2Jqy5QX7k57WKL4khU1a7phtcwSw8a/qbcxdAkr1e5Qx5TD8GBqmlD/Hz6bhu4KuxvmiRjD0Gyw5lBNe9TWQuh11m5A2xgLXrubGGBUWMqqJ7ux6nDrDklOJm2KaiQRUvigTyKOtpNbx0/Lr8QoImBt9Q2PXqEX2x27LWF2GIGlN5Ye6BNLeEIwTWcDXaP+57jnwca997g=; JSESSIONID=F688EE3A3D55EA14BFD4C0042C7ED920] that contained an invalid cookie. That cookie will be ignored.
 Note: further occurrences of this error will be logged at DEBUG level.
11:15:29.407 start [http-nio-8080-exec-4] INFO  o.a.c.c.C.[Tomcat].[localhost].[/] - Initializing Spring DispatcherServlet 'dispatcherServlet'
11:15:29.408 start [http-nio-8080-exec-4] INFO  o.s.web.servlet.DispatcherServlet - Initializing Servlet 'dispatcherServlet'
11:15:29.428 start [http-nio-8080-exec-4] INFO  o.s.web.servlet.DispatcherServlet - Completed initialization in 20 ms
