18:18:55.541 start [main] INFO  com.net.start.StartApplication - Starting StartApplication on PS-02 with PID 19152 (started by Admin in D:\开发工具\tts9\tts9\workspace\start)
18:18:55.547 start [main] INFO  com.net.start.StartApplication - No active profile set, falling back to default profiles: default
18:18:59.415 start [main] INFO  o.s.b.w.e.tomcat.TomcatWebServer - Tomcat initialized with port(s): 8080 (http)
18:18:59.439 start [main] INFO  o.a.coyote.http11.Http11NioProtocol - Initializing ProtocolHandler ["http-nio-8080"]
18:18:59.454 start [main] INFO  o.a.catalina.core.StandardService - Starting service [Tomcat]
18:18:59.454 start [main] INFO  o.a.catalina.core.StandardEngine - Starting Servlet engine: [Apache Tomcat/9.0.16]
18:18:59.469 start [main] INFO  o.a.c.core.AprLifecycleListener - An older version [1.2.14] of the APR based Apache Tomcat Native library is installed, while Tomcat recommends a minimum version of [1.2.21]
18:18:59.470 start [main] INFO  o.a.c.core.AprLifecycleListener - Loaded APR based Apache Tomcat Native library [1.2.14] using APR version [1.6.2].
18:18:59.470 start [main] INFO  o.a.c.core.AprLifecycleListener - APR capabilities: IPv6 [true], sendfile [true], accept filters [false], random [true].
18:18:59.470 start [main] INFO  o.a.c.core.AprLifecycleListener - APR/OpenSSL configuration: useAprConnector [false], useOpenSSL [true]
18:19:00.581 start [main] INFO  o.a.c.core.AprLifecycleListener - OpenSSL successfully initialized [OpenSSL 1.0.2l  25 May 2017]
18:19:01.308 start [main] INFO  org.apache.jasper.servlet.TldScanner - At least one JAR was scanned for TLDs yet contained no TLDs. Enable debug logging for this logger for a complete list of JARs that were scanned but no TLDs were found in them. Skipping unneeded JARs during scanning can improve startup time and JSP compilation time.
18:19:01.344 start [main] INFO  o.a.c.c.C.[Tomcat].[localhost].[/] - Initializing Spring embedded WebApplicationContext
18:19:01.345 start [main] INFO  o.s.web.context.ContextLoader - Root WebApplicationContext: initialization completed in 5640 ms
18:19:02.389 start [main] INFO  o.s.s.c.ThreadPoolTaskExecutor - Initializing ExecutorService 'applicationTaskExecutor'
18:19:03.283 start [main] INFO  o.a.coyote.http11.Http11NioProtocol - Starting ProtocolHandler ["http-nio-8080"]
18:19:03.419 start [main] INFO  o.s.b.w.e.tomcat.TomcatWebServer - Tomcat started on port(s): 8080 (http) with context path ''
18:19:03.428 start [main] INFO  com.net.start.StartApplication - Started StartApplication in 8.971 seconds (JVM running for 9.869)
18:19:03.431 start [main] INFO  com.net.start.StartApplication - ------------成功启动springboot-----------
18:19:08.337 start [http-nio-8080-exec-1] INFO  o.a.c.c.C.[Tomcat].[localhost].[/] - Initializing Spring DispatcherServlet 'dispatcherServlet'
18:19:08.338 start [http-nio-8080-exec-1] INFO  o.s.web.servlet.DispatcherServlet - Initializing Servlet 'dispatcherServlet'
18:19:08.349 start [http-nio-8080-exec-1] INFO  o.s.web.servlet.DispatcherServlet - Completed initialization in 11 ms
