12:15:36.454 start [main] INFO  com.net.start.StartApplication - Starting StartApplication on 0CU94VTA1NC8ALX with PID 8772 (D:\win_down_tools_data\tts9-he\tts9\workspace\start\target\classes started by Administrator in D:\win_down_tools_data\tts9-he\tts9\workspace\start)
12:15:36.474 start [main] INFO  com.net.start.StartApplication - No active profile set, falling back to default profiles: default
12:15:41.431 start [main] INFO  o.s.b.w.e.tomcat.TomcatWebServer - Tomcat initialized with port(s): 8080 (http)
12:15:41.487 start [main] INFO  o.a.coyote.http11.Http11NioProtocol - Initializing ProtocolHandler ["http-nio-8080"]
12:15:41.517 start [main] INFO  o.a.catalina.core.StandardService - Starting service [Tomcat]
12:15:41.517 start [main] INFO  o.a.catalina.core.StandardEngine - Starting Servlet engine: [Apache Tomcat/9.0.16]
12:15:41.547 start [main] INFO  o.a.c.core.AprLifecycleListener - The APR based Apache Tomcat Native library which allows optimal performance in production environments was not found on the java.library.path: [D:\win_down_tools_data\tts9-he\tts9\jdk1.8.0_45\bin;C:\windows\Sun\Java\bin;C:\windows\system32;C:\windows;D:/win_down_tools_data/tts9-he/tts9/jdk1.8.0_45/bin/../jre/bin/client;D:/win_down_tools_data/tts9-he/tts9/jdk1.8.0_45/bin/../jre/bin;D:/win_down_tools_data/tts9-he/tts9/jdk1.8.0_45/bin/../jre/lib/i386;D:\win_down_tools_data\tts9-he\tts9\jdk1.8.0_45\bin;D:\win_down_tools_data\tts9-he\tts9\jdk1.8.0_45\bin;C:\windows\system32;C:\windows;C:\windows\System32\Wbem;C:\windows\System32\WindowsPowerShell\v1.0\;C:\Program Files\MariaDB 5.5\lib;C:\Users\Administrator\AppData\Local\Microsoft\WindowsApps;;D:\win_down_tools_data\tts9-he\tts9;;.]
12:15:42.367 start [main] INFO  org.apache.jasper.servlet.TldScanner - At least one JAR was scanned for TLDs yet contained no TLDs. Enable debug logging for this logger for a complete list of JARs that were scanned but no TLDs were found in them. Skipping unneeded JARs during scanning can improve startup time and JSP compilation time.
12:15:42.397 start [main] INFO  o.a.c.c.C.[Tomcat].[localhost].[/] - Initializing Spring embedded WebApplicationContext
12:15:42.397 start [main] INFO  o.s.web.context.ContextLoader - Root WebApplicationContext: initialization completed in 5713 ms
12:15:44.077 start [main] INFO  o.s.s.c.ThreadPoolTaskExecutor - Initializing ExecutorService 'applicationTaskExecutor'
12:15:45.319 start [main] INFO  o.a.coyote.http11.Http11NioProtocol - Starting ProtocolHandler ["http-nio-8080"]
12:15:45.442 start [main] INFO  o.s.b.w.e.tomcat.TomcatWebServer - Tomcat started on port(s): 8080 (http) with context path ''
12:15:45.452 start [main] INFO  com.net.start.StartApplication - Started StartApplication in 10.653 seconds (JVM running for 11.981)
12:15:45.452 start [main] INFO  com.net.start.StartApplication - ------------成功启动springboot-----------
12:16:20.003 start [http-nio-8080-exec-1] INFO  o.a.c.c.C.[Tomcat].[localhost].[/] - Initializing Spring DispatcherServlet 'dispatcherServlet'
12:16:20.004 start [http-nio-8080-exec-1] INFO  o.s.web.servlet.DispatcherServlet - Initializing Servlet 'dispatcherServlet'
12:16:20.045 start [http-nio-8080-exec-1] INFO  o.s.web.servlet.DispatcherServlet - Completed initialization in 39 ms
12:16:31.574 start [http-nio-8080-exec-7] INFO  com.zaxxer.hikari.HikariDataSource - HikariPool-1 - Starting...
12:16:32.093 start [http-nio-8080-exec-7] INFO  com.zaxxer.hikari.HikariDataSource - HikariPool-1 - Start completed.
