18:16:32.508 start [main] INFO  com.net.start.StartApplication - Starting StartApplication on PS-02 with PID 20160 (started by Admin in D:\开发工具\tts9\tts9\workspace\start)
18:16:32.513 start [main] INFO  com.net.start.StartApplication - No active profile set, falling back to default profiles: default
18:16:35.470 start [main] INFO  o.s.b.w.e.tomcat.TomcatWebServer - Tomcat initialized with port(s): 8080 (http)
18:16:35.492 start [main] INFO  o.a.coyote.http11.Http11NioProtocol - Initializing ProtocolHandler ["http-nio-8080"]
18:16:35.508 start [main] INFO  o.a.catalina.core.StandardService - Starting service [Tomcat]
18:16:35.509 start [main] INFO  o.a.catalina.core.StandardEngine - Starting Servlet engine: [Apache Tomcat/9.0.16]
18:16:35.524 start [main] INFO  o.a.c.core.AprLifecycleListener - An older version [1.2.14] of the APR based Apache Tomcat Native library is installed, while Tomcat recommends a minimum version of [1.2.21]
18:16:35.524 start [main] INFO  o.a.c.core.AprLifecycleListener - Loaded APR based Apache Tomcat Native library [1.2.14] using APR version [1.6.2].
18:16:35.524 start [main] INFO  o.a.c.core.AprLifecycleListener - APR capabilities: IPv6 [true], sendfile [true], accept filters [false], random [true].
18:16:35.524 start [main] INFO  o.a.c.core.AprLifecycleListener - APR/OpenSSL configuration: useAprConnector [false], useOpenSSL [true]
18:16:36.644 start [main] INFO  o.a.c.core.AprLifecycleListener - OpenSSL successfully initialized [OpenSSL 1.0.2l  25 May 2017]
18:16:37.216 start [main] INFO  org.apache.jasper.servlet.TldScanner - At least one JAR was scanned for TLDs yet contained no TLDs. Enable debug logging for this logger for a complete list of JARs that were scanned but no TLDs were found in them. Skipping unneeded JARs during scanning can improve startup time and JSP compilation time.
18:16:37.253 start [main] INFO  o.a.c.c.C.[Tomcat].[localhost].[/] - Initializing Spring embedded WebApplicationContext
18:16:37.254 start [main] INFO  o.s.web.context.ContextLoader - Root WebApplicationContext: initialization completed in 4622 ms
18:16:37.887 start [main] INFO  o.a.catalina.core.StandardService - Stopping service [Tomcat]
18:16:37.904 start [main] INFO  o.s.b.a.l.ConditionEvaluationReportLoggingListener - 

Error starting ApplicationContext. To display the conditions report re-run your application with 'debug' enabled.
18:17:49.363 start [main] INFO  com.net.start.StartApplication - Starting StartApplication on PS-02 with PID 19992 (started by Admin in D:\开发工具\tts9\tts9\workspace\start)
18:17:49.368 start [main] INFO  com.net.start.StartApplication - No active profile set, falling back to default profiles: default
18:17:51.986 start [main] INFO  o.s.b.w.e.tomcat.TomcatWebServer - Tomcat initialized with port(s): 8080 (http)
18:17:52.006 start [main] INFO  o.a.coyote.http11.Http11NioProtocol - Initializing ProtocolHandler ["http-nio-8080"]
18:17:52.021 start [main] INFO  o.a.catalina.core.StandardService - Starting service [Tomcat]
18:17:52.022 start [main] INFO  o.a.catalina.core.StandardEngine - Starting Servlet engine: [Apache Tomcat/9.0.16]
18:17:52.036 start [main] INFO  o.a.c.core.AprLifecycleListener - An older version [1.2.14] of the APR based Apache Tomcat Native library is installed, while Tomcat recommends a minimum version of [1.2.21]
18:17:52.037 start [main] INFO  o.a.c.core.AprLifecycleListener - Loaded APR based Apache Tomcat Native library [1.2.14] using APR version [1.6.2].
18:17:52.037 start [main] INFO  o.a.c.core.AprLifecycleListener - APR capabilities: IPv6 [true], sendfile [true], accept filters [false], random [true].
18:17:52.037 start [main] INFO  o.a.c.core.AprLifecycleListener - APR/OpenSSL configuration: useAprConnector [false], useOpenSSL [true]
18:17:53.125 start [main] INFO  o.a.c.core.AprLifecycleListener - OpenSSL successfully initialized [OpenSSL 1.0.2l  25 May 2017]
18:17:53.637 start [main] INFO  org.apache.jasper.servlet.TldScanner - At least one JAR was scanned for TLDs yet contained no TLDs. Enable debug logging for this logger for a complete list of JARs that were scanned but no TLDs were found in them. Skipping unneeded JARs during scanning can improve startup time and JSP compilation time.
18:17:53.657 start [main] INFO  o.a.c.c.C.[Tomcat].[localhost].[/] - Initializing Spring embedded WebApplicationContext
18:17:53.657 start [main] INFO  o.s.web.context.ContextLoader - Root WebApplicationContext: initialization completed in 4196 ms
18:17:54.494 start [main] INFO  o.s.s.c.ThreadPoolTaskExecutor - Initializing ExecutorService 'applicationTaskExecutor'
18:17:55.254 start [main] INFO  o.a.coyote.http11.Http11NioProtocol - Starting ProtocolHandler ["http-nio-8080"]
18:17:55.367 start [main] INFO  o.s.b.w.e.tomcat.TomcatWebServer - Tomcat started on port(s): 8080 (http) with context path ''
18:17:55.371 start [main] INFO  com.net.start.StartApplication - Started StartApplication in 6.778 seconds (JVM running for 7.602)
18:17:55.374 start [main] INFO  com.net.start.StartApplication - ------------成功启动springboot-----------
18:18:12.343 start [http-nio-8080-exec-1] INFO  o.a.tomcat.util.http.parser.Cookie - A cookie header was received [1560754407,1560837104,1560908165; JSESSIONID=19E7DC91854435D978ACDD6065B57F21; Hm_lpvt_080836300300be57b7f34f4b3e97d911=1560999310] that contained an invalid cookie. That cookie will be ignored.
 Note: further occurrences of this error will be logged at DEBUG level.
18:18:12.363 start [http-nio-8080-exec-1] INFO  o.a.c.c.C.[Tomcat].[localhost].[/] - Initializing Spring DispatcherServlet 'dispatcherServlet'
18:18:12.364 start [http-nio-8080-exec-1] INFO  o.s.web.servlet.DispatcherServlet - Initializing Servlet 'dispatcherServlet'
18:18:12.378 start [http-nio-8080-exec-1] INFO  o.s.web.servlet.DispatcherServlet - Completed initialization in 14 ms
18:30:38.688 start [main] INFO  com.net.start.StartApplication - Starting StartApplication on PS-02 with PID 20356 (started by Admin in D:\开发工具\tts9\tts9\workspace\start)
18:30:38.693 start [main] INFO  com.net.start.StartApplication - No active profile set, falling back to default profiles: default
18:30:41.671 start [main] INFO  o.s.b.w.e.tomcat.TomcatWebServer - Tomcat initialized with port(s): 8080 (http)
18:30:41.694 start [main] INFO  o.a.coyote.http11.Http11NioProtocol - Initializing ProtocolHandler ["http-nio-8080"]
18:30:41.714 start [main] INFO  o.a.catalina.core.StandardService - Starting service [Tomcat]
18:30:41.714 start [main] INFO  o.a.catalina.core.StandardEngine - Starting Servlet engine: [Apache Tomcat/9.0.16]
18:30:41.730 start [main] INFO  o.a.c.core.AprLifecycleListener - An older version [1.2.14] of the APR based Apache Tomcat Native library is installed, while Tomcat recommends a minimum version of [1.2.21]
18:30:41.730 start [main] INFO  o.a.c.core.AprLifecycleListener - Loaded APR based Apache Tomcat Native library [1.2.14] using APR version [1.6.2].
18:30:41.730 start [main] INFO  o.a.c.core.AprLifecycleListener - APR capabilities: IPv6 [true], sendfile [true], accept filters [false], random [true].
18:30:41.730 start [main] INFO  o.a.c.core.AprLifecycleListener - APR/OpenSSL configuration: useAprConnector [false], useOpenSSL [true]
18:30:42.814 start [main] INFO  o.a.c.core.AprLifecycleListener - OpenSSL successfully initialized [OpenSSL 1.0.2l  25 May 2017]
18:30:43.427 start [main] INFO  org.apache.jasper.servlet.TldScanner - At least one JAR was scanned for TLDs yet contained no TLDs. Enable debug logging for this logger for a complete list of JARs that were scanned but no TLDs were found in them. Skipping unneeded JARs during scanning can improve startup time and JSP compilation time.
18:30:43.451 start [main] INFO  o.a.c.c.C.[Tomcat].[localhost].[/] - Initializing Spring embedded WebApplicationContext
18:30:43.452 start [main] INFO  o.s.web.context.ContextLoader - Root WebApplicationContext: initialization completed in 4653 ms
18:30:44.439 start [main] INFO  o.s.s.c.ThreadPoolTaskExecutor - Initializing ExecutorService 'applicationTaskExecutor'
18:30:45.168 start [main] INFO  o.a.coyote.http11.Http11NioProtocol - Starting ProtocolHandler ["http-nio-8080"]
18:30:45.306 start [main] INFO  o.s.b.w.e.tomcat.TomcatWebServer - Tomcat started on port(s): 8080 (http) with context path ''
18:30:45.312 start [main] INFO  com.net.start.StartApplication - Started StartApplication in 7.614 seconds (JVM running for 8.496)
18:30:45.316 start [main] INFO  com.net.start.StartApplication - ------------成功启动springboot-----------
18:30:50.933 start [http-nio-8080-exec-1] INFO  o.a.tomcat.util.http.parser.Cookie - A cookie header was received [1560754407,1560837104,1560908165; JSESSIONID=19E7DC91854435D978ACDD6065B57F21; Hm_lpvt_080836300300be57b7f34f4b3e97d911=1560999310] that contained an invalid cookie. That cookie will be ignored.
 Note: further occurrences of this error will be logged at DEBUG level.
18:30:50.944 start [http-nio-8080-exec-1] INFO  o.a.c.c.C.[Tomcat].[localhost].[/] - Initializing Spring DispatcherServlet 'dispatcherServlet'
18:30:50.944 start [http-nio-8080-exec-1] INFO  o.s.web.servlet.DispatcherServlet - Initializing Servlet 'dispatcherServlet'
18:30:50.958 start [http-nio-8080-exec-1] INFO  o.s.web.servlet.DispatcherServlet - Completed initialization in 14 ms
18:30:51.217 start [http-nio-8080-exec-1] INFO  AliPayService.class - {"out_trade_no":"19-6-20 下午6:30","product_code":"FAST_INSTANT_TRADE_PAY"}
18:30:51.794 start [http-nio-8080-exec-1] INFO  AliPayService.class - <form name="punchout_form" method="post" action="https://openapi.alipaydev.com/gateway.do?charset=utf-8&method=alipay.trade.page.pay&sign=OQbkubH7V9IhL5BC4jgLbD2jjDSCDH3WyBap6iT6g%2FAs%2Bm8xvj1WqWMPWLdV6%2BwJyrp9XxPbsroVHIkYZiVegaNG%2Bm40ZS75jDeqkjZe9CNAesNvc%2FLQxk2Ji1yBLnTTOV1KteKIuRo3fFV%2FoP2wK5%2FukiW9KygCLpLK6JeswwPDIplkUWia8dkAl5G2GWnjQkR9UPeLjNIDB7H4z5p%2FoI0CdWQ2zXX2K%2FpmLP8hEJ1xhnj4jiB8e9ym8oB3MPm1%2BOeBDCVs%2FoioDmHUD17ZBYZ0rZDhe4wAGV9W%2Bxuqz9mSqiSdnNy4WZetpq0qmKRANEJB5aVeXOiATvguxYXmKQ%3D%3D&return_url=http%3A%2F%2Fg5kike.natappfree.cc%2Falipay%2Freturn_url&notify_url=http%3A%2F%2Fg5kike.natappfree.cc%2Falipay%2Fnotify_url&version=1.0&app_id=2016101000656644&sign_type=RSA2&timestamp=2019-06-20+18%3A30%3A51&alipay_sdk=alipay-sdk-java-dynamicVersionNo&format=json">
<input type="hidden" name="biz_content" value="{&quot;out_trade_no&quot;:&quot;19-6-20 下午6:30&quot;,&quot;product_code&quot;:&quot;FAST_INSTANT_TRADE_PAY&quot;}">
<input type="submit" value="立即支付" style="display:none" >
</form>
<script>document.forms[0].submit();</script>
18:32:26.560 start [http-nio-8080-exec-10] INFO  AliPayService.class - {"out_trade_no":"19-6-20 下午6:32","product_code":"FAST_INSTANT_TRADE_PAY"}
18:32:26.572 start [http-nio-8080-exec-10] INFO  AliPayService.class - <form name="punchout_form" method="post" action="https://openapi.alipaydev.com/gateway.do?charset=utf-8&method=alipay.trade.page.pay&sign=H7RyjICy0t8b4%2Fdm0VK32a15hqeQHrEI4kY6WOmSBEW7JwFiHdCdCd%2BJ2lokQ1C2QEYHvjGTOQ%2FjiJVFlCqt9lvOPxDxsblmrxPqkFF3Xivt5HCmIE2hGpfEScSj5x7QsubhsVTUDzEvcGKcVyGYtzZmRl%2BP3JWJofAODmHbZQTnF2RpgEIfg5Xav1t%2B0pNgV%2FMT7LEGxA8IWv0FrRwWRCkbWzu9K8uqZHQcr1nnejSwuHjnJ59heZNUAEoO1IUGwrBrxFWimaWS9GB5mRIY056ClnHUCAaiHNPhEf1fIkMhL7o9bpsJIsQFF%2B9K8GVU%2B%2BAYkD7oQw1EQGab95nRMw%3D%3D&return_url=http%3A%2F%2Fg5kike.natappfree.cc%2Falipay%2Freturn_url&notify_url=http%3A%2F%2Fg5kike.natappfree.cc%2Falipay%2Fnotify_url&version=1.0&app_id=2016101000656644&sign_type=RSA2&timestamp=2019-06-20+18%3A32%3A26&alipay_sdk=alipay-sdk-java-dynamicVersionNo&format=json">
<input type="hidden" name="biz_content" value="{&quot;out_trade_no&quot;:&quot;19-6-20 下午6:32&quot;,&quot;product_code&quot;:&quot;FAST_INSTANT_TRADE_PAY&quot;}">
<input type="submit" value="立即支付" style="display:none" >
</form>
<script>document.forms[0].submit();</script>
18:41:35.569 start [http-nio-8080-exec-4] INFO  AliPayService.class - {"out_trade_no":"19-6-20 下午6:41","product_code":"FAST_INSTANT_TRADE_PAY"}
18:41:35.586 start [http-nio-8080-exec-4] INFO  AliPayService.class - <form name="punchout_form" method="post" action="https://openapi.alipaydev.com/gateway.do?charset=utf-8&method=alipay.trade.page.pay&sign=gZ8FyqF1O6gX96T05Rl0cSwq5JlVS1beD6CJt11gpcr2qJD5oYE3b4417x2AznsHy3ZSL2TFOhcjNJ1UEwI8fHT%2F7QsgwVQav6UijkspqjAqDP%2BS4JGNR%2BQlTdzTB3sIEbF1JOVPUeLKbzL6aJ6NpYQy469WLjXfeeZGHliVzDEyjLttg7x3dwO3XGBAVER41fhpIdoTU0q2%2B2lgbxr45RvZyq4jC0cLF4OVHmBsHwaMys4N%2FJMzaMm3T8sgtA0CVIGQeZs%2Bxuvy%2FQTQFWEdMbmODI9YOdNvhzFMTztk0HpQ%2FwqY9ektwCIq5ZHQOojoJrYJY%2BjDjV4N9EcCZj0nNw%3D%3D&return_url=http%3A%2F%2Fg5kike.natappfree.cc%2Falipay%2Freturn_url&notify_url=http%3A%2F%2Fg5kike.natappfree.cc%2Falipay%2Fnotify_url&version=1.0&app_id=2016101000656644&sign_type=RSA2&timestamp=2019-06-20+18%3A41%3A35&alipay_sdk=alipay-sdk-java-dynamicVersionNo&format=json">
<input type="hidden" name="biz_content" value="{&quot;out_trade_no&quot;:&quot;19-6-20 下午6:41&quot;,&quot;product_code&quot;:&quot;FAST_INSTANT_TRADE_PAY&quot;}">
<input type="submit" value="立即支付" style="display:none" >
</form>
<script>document.forms[0].submit();</script>
18:42:44.034 start [main] INFO  com.net.start.StartApplication - Starting StartApplication on PS-02 with PID 19344 (started by Admin in D:\开发工具\tts9\tts9\workspace\start)
18:42:44.040 start [main] INFO  com.net.start.StartApplication - No active profile set, falling back to default profiles: default
18:42:46.802 start [main] INFO  o.s.b.w.e.tomcat.TomcatWebServer - Tomcat initialized with port(s): 8080 (http)
18:42:46.825 start [main] INFO  o.a.coyote.http11.Http11NioProtocol - Initializing ProtocolHandler ["http-nio-8080"]
18:42:46.842 start [main] INFO  o.a.catalina.core.StandardService - Starting service [Tomcat]
18:42:46.842 start [main] INFO  o.a.catalina.core.StandardEngine - Starting Servlet engine: [Apache Tomcat/9.0.16]
18:42:46.864 start [main] INFO  o.a.c.core.AprLifecycleListener - An older version [1.2.14] of the APR based Apache Tomcat Native library is installed, while Tomcat recommends a minimum version of [1.2.21]
18:42:46.864 start [main] INFO  o.a.c.core.AprLifecycleListener - Loaded APR based Apache Tomcat Native library [1.2.14] using APR version [1.6.2].
18:42:46.864 start [main] INFO  o.a.c.core.AprLifecycleListener - APR capabilities: IPv6 [true], sendfile [true], accept filters [false], random [true].
18:42:46.864 start [main] INFO  o.a.c.core.AprLifecycleListener - APR/OpenSSL configuration: useAprConnector [false], useOpenSSL [true]
18:42:47.972 start [main] INFO  o.a.c.core.AprLifecycleListener - OpenSSL successfully initialized [OpenSSL 1.0.2l  25 May 2017]
18:42:48.436 start [main] INFO  org.apache.jasper.servlet.TldScanner - At least one JAR was scanned for TLDs yet contained no TLDs. Enable debug logging for this logger for a complete list of JARs that were scanned but no TLDs were found in them. Skipping unneeded JARs during scanning can improve startup time and JSP compilation time.
18:42:48.542 start [main] INFO  o.a.c.c.C.[Tomcat].[localhost].[/] - Initializing Spring embedded WebApplicationContext
18:42:48.543 start [main] INFO  o.s.web.context.ContextLoader - Root WebApplicationContext: initialization completed in 4397 ms
18:42:49.320 start [main] INFO  o.s.s.c.ThreadPoolTaskExecutor - Initializing ExecutorService 'applicationTaskExecutor'
18:42:50.076 start [main] INFO  o.a.coyote.http11.Http11NioProtocol - Starting ProtocolHandler ["http-nio-8080"]
18:42:50.167 start [main] INFO  o.s.b.w.e.tomcat.TomcatWebServer - Tomcat started on port(s): 8080 (http) with context path ''
18:42:50.174 start [main] INFO  com.net.start.StartApplication - Started StartApplication in 6.895 seconds (JVM running for 7.738)
18:42:50.178 start [main] INFO  com.net.start.StartApplication - ------------成功启动springboot-----------
18:43:19.745 start [http-nio-8080-exec-1] INFO  o.a.tomcat.util.http.parser.Cookie - A cookie header was received [1560754407,1560837104,1560908165; JSESSIONID=19E7DC91854435D978ACDD6065B57F21; Hm_lpvt_080836300300be57b7f34f4b3e97d911=1560999310] that contained an invalid cookie. That cookie will be ignored.
 Note: further occurrences of this error will be logged at DEBUG level.
18:43:19.760 start [http-nio-8080-exec-1] INFO  o.a.c.c.C.[Tomcat].[localhost].[/] - Initializing Spring DispatcherServlet 'dispatcherServlet'
18:43:19.760 start [http-nio-8080-exec-1] INFO  o.s.web.servlet.DispatcherServlet - Initializing Servlet 'dispatcherServlet'
18:43:19.783 start [http-nio-8080-exec-1] INFO  o.s.web.servlet.DispatcherServlet - Completed initialization in 22 ms
18:43:23.566 start [http-nio-8080-exec-2] INFO  AliPayService.class - {"out_trade_no":"19-6-20 下午6:43","product_code":"FAST_INSTANT_TRADE_PAY"}
18:43:24.091 start [http-nio-8080-exec-2] INFO  AliPayService.class - <form name="punchout_form" method="post" action="https://openapi.alipaydev.com/gateway.do?charset=utf-8&method=alipay.trade.page.pay&sign=fMQHhVrnWmxTa0Y0wPC1T8Xuhoq7vasZVg9tc5mUgU04YwKSJ5M%2BYTruHBhfgK62PBEg%2BLYLmHcxRFBSXYPEqAO4OpbbsIRlYDMW8Mf39YvKJxFlrUimfAm5EAq4zcjgojYixda0%2ByoJiRioUqTyHirK5OisB%2B6WHqnr0fYAJS8JmFQ3Bi2cj1wDEcIpOAmUJKtasqAyj61QS%2BdwJicrtdIS%2BnKW5V7i%2BNL61XNL%2FBPIcrgivnRNxa6B1qPdHQnQhVhI3ywnZzWAT%2Bld2r7k1wAKzLnJLnxoBJYiYUyJ653BRw4Kh8HsAsIpTTz7Hcck4NN6VQdhRuDqI1SKoV0V2Q%3D%3D&return_url=http%3A%2F%2Fg5kike.natappfree.cc%2Falipay%2Freturn_url&notify_url=http%3A%2F%2Fg5kike.natappfree.cc%2Falipay%2Fnotify_url&version=1.0&app_id=2016101000656644&sign_type=RSA2&timestamp=2019-06-20+18%3A43%3A23&alipay_sdk=alipay-sdk-java-dynamicVersionNo&format=json">
<input type="hidden" name="biz_content" value="{&quot;out_trade_no&quot;:&quot;19-6-20 下午6:43&quot;,&quot;product_code&quot;:&quot;FAST_INSTANT_TRADE_PAY&quot;}">
<input type="submit" value="立即支付" style="display:none" >
</form>
<script>document.forms[0].submit();</script>
18:47:13.804 start [http-nio-8080-exec-7] INFO  AliPayService.class - {"out_trade_no":"19-6-20 下午6:47","product_code":"FAST_INSTANT_TRADE_PAY"}
18:47:13.814 start [http-nio-8080-exec-7] INFO  AliPayService.class - <form name="punchout_form" method="post" action="https://openapi.alipaydev.com/gateway.do?charset=utf-8&method=alipay.trade.page.pay&sign=dx9CDFA1SJXyWwT9KsW6fFdWBE4%2B2rkLjBxMcbGejABzmIFcryyC%2B4bOv2q2PzRBRF6JHAeKTRjEj8ahL8kSFuYKI%2FkcAspSyf%2FVzKMu%2FopIvj2vVLIuaV7V9Iu0zMy6RPB%2FKFKn8BjpgG1CHTAC1N%2FEirQQbItlTS1cJqubBrs1PC1fxQw7AJvnnYaKoNwQieOKLppMOMWqOErIPffLnPZEZhsRZfgpNOPdn%2BuEXyJo%2B2OGByUqbMqTnCl9c9dcO9f6CESqT%2BTNCXdmErXZCcmcWT3E5Uovj5Cgp0lugx%2BbFqUIZTAPKxethA2y%2FPVYwIvscVHoE0YKlOsVFE7isA%3D%3D&return_url=http%3A%2F%2Fg5kike.natappfree.cc%2Falipay%2Freturn_url&notify_url=http%3A%2F%2Fg5kike.natappfree.cc%2Falipay%2Fnotify_url&version=1.0&app_id=2016101000656644&sign_type=RSA2&timestamp=2019-06-20+18%3A47%3A13&alipay_sdk=alipay-sdk-java-dynamicVersionNo&format=json">
<input type="hidden" name="biz_content" value="{&quot;out_trade_no&quot;:&quot;19-6-20 下午6:47&quot;,&quot;product_code&quot;:&quot;FAST_INSTANT_TRADE_PAY&quot;}">
<input type="submit" value="立即支付" style="display:none" >
</form>
<script>document.forms[0].submit();</script>
